# JRE version: OpenJDK Runtime Environment Temurin-17.0.15+6 (17.0.15+6) (build 17.0.15+6)
# Java VM: OpenJDK 64-Bit Server VM Temurin-17.0.15+6 (17.0.15+6, mixed mode, sharing, tiered, compressed oops, compressed class ptrs, g1 gc, windows-amd64)
GC Precious Log:
 CPUs: 12 total, 12 available
 Memory: 16087M
 Large Page Support: Disabled
 NUMA Support: Disabled
 Compressed Oops: Enabled (32-bit)
 Heap Region Size: 1M
 Heap Min Capacity: 8M
 Heap Initial Capacity: 252M
 Heap Max Capacity: 2G
 Pre-touch: Disabled
 Parallel Workers: 10
 Concurrent Workers: 3
 Concurrent Refinement Workers: 10
 Periodic GC: Disabled
Heap:
 garbage-first heap   total 361472K, used 252704K [0x0000000080000000, 0x0000000100000000)
  region size 1024K, 43 young (44032K), 6 survivors (6144K)
 Metaspace       used 147934K, committed 149568K, reserved 557056K
  class space    used 19653K, committed 20416K, reserved 425984K
GC Heap History (20 events):
Event: 60.514 GC heap before
{Heap before GC invocations=58 (full 0):
 garbage-first heap   total 301056K, used 188150K [0x0000000080000000, 0x0000000100000000)
  region size 1024K, 14 young (14336K), 7 survivors (7168K)
 Metaspace       used 127016K, committed 128384K, reserved 557056K
  class space    used 17406K, committed 18048K, reserved 425984K
}
Event: 60.521 GC heap after
{Heap after GC invocations=59 (full 0):
 garbage-first heap   total 301056K, used 181076K [0x0000000080000000, 0x0000000100000000)
  region size 1024K, 2 young (2048K), 2 survivors (2048K)
 Metaspace       used 127016K, committed 128384K, reserved 557056K
  class space    used 17406K, committed 18048K, reserved 425984K
}
Event: 61.482 GC heap before
{Heap before GC invocations=59 (full 0):
 garbage-first heap   total 301056K, used 247636K [0x0000000080000000, 0x0000000100000000)
  region size 1024K, 68 young (69632K), 2 survivors (2048K)
 Metaspace       used 127016K, committed 128384K, reserved 557056K
  class space    used 17406K, committed 18048K, reserved 425984K
}
Event: 61.487 GC heap after
{Heap after GC invocations=60 (full 0):
 garbage-first heap   total 361472K, used 184949K [0x0000000080000000, 0x0000000100000000)
  region size 1024K, 6 young (6144K), 6 survivors (6144K)
 Metaspace       used 127016K, committed 128384K, reserved 557056K
  class space    used 17406K, committed 18048K, reserved 425984K
}
Event: 64.790 GC heap before
{Heap before GC invocations=61 (full 0):
 garbage-first heap   total 361472K, used 292469K [0x0000000080000000, 0x0000000100000000)
  region size 1024K, 112 young (114688K), 6 survivors (6144K)
 Metaspace       used 129043K, committed 130496K, reserved 557056K
  class space    used 17575K, committed 18240K, reserved 425984K
}
Event: 64.799 GC heap after
{Heap after GC invocations=62 (full 0):
 garbage-first heap   total 361472K, used 200092K [0x0000000080000000, 0x0000000100000000)
  region size 1024K, 14 young (14336K), 14 survivors (14336K)
 Metaspace       used 129043K, committed 130496K, reserved 557056K
  class space    used 17575K, committed 18240K, reserved 425984K
}
Event: 64.879 GC heap before
{Heap before GC invocations=62 (full 0):
 garbage-first heap   total 361472K, used 210332K [0x0000000080000000, 0x0000000100000000)
  region size 1024K, 17 young (17408K), 14 survivors (14336K)
 Metaspace       used 129205K, committed 130624K, reserved 557056K
  class space    used 17585K, committed 18240K, reserved 425984K
}
Event: 64.889 GC heap after
{Heap after GC invocations=63 (full 0):
 garbage-first heap   total 361472K, used 199659K [0x0000000080000000, 0x0000000100000000)
  region size 1024K, 2 young (2048K), 2 survivors (2048K)
 Metaspace       used 129205K, committed 130624K, reserved 557056K
  class space    used 17585K, committed 18240K, reserved 425984K
}
Event: 65.572 GC heap before
{Heap before GC invocations=63 (full 0):
 garbage-first heap   total 361472K, used 290795K [0x0000000080000000, 0x0000000100000000)
  region size 1024K, 92 young (94208K), 2 survivors (2048K)
 Metaspace       used 133334K, committed 134784K, reserved 557056K
  class space    used 17970K, committed 18688K, reserved 425984K
}
Event: 65.574 GC heap after
{Heap after GC invocations=64 (full 0):
 garbage-first heap   total 361472K, used 198611K [0x0000000080000000, 0x0000000100000000)
  region size 1024K, 1 young (1024K), 1 survivors (1024K)
 Metaspace       used 133334K, committed 134784K, reserved 557056K
  class space    used 17970K, committed 18688K, reserved 425984K
}
Event: 66.797 GC heap before
{Heap before GC invocations=64 (full 0):
 garbage-first heap   total 361472K, used 295891K [0x0000000080000000, 0x0000000100000000)
  region size 1024K, 97 young (99328K), 1 survivors (1024K)
 Metaspace       used 136257K, committed 137728K, reserved 557056K
  class space    used 18342K, committed 19072K, reserved 425984K
}
Event: 66.805 GC heap after
{Heap after GC invocations=65 (full 0):
 garbage-first heap   total 361472K, used 203606K [0x0000000080000000, 0x0000000100000000)
  region size 1024K, 6 young (6144K), 6 survivors (6144K)
 Metaspace       used 136257K, committed 137728K, reserved 557056K
  class space    used 18342K, committed 19072K, reserved 425984K
}
Event: 67.029 GC heap before
{Heap before GC invocations=65 (full 0):
 garbage-first heap   total 361472K, used 205654K [0x0000000080000000, 0x0000000100000000)
  region size 1024K, 9 young (9216K), 6 survivors (6144K)
 Metaspace       used 137668K, committed 139136K, reserved 557056K
  class space    used 18528K, committed 19264K, reserved 425984K
}
Event: 67.037 GC heap after
{Heap after GC invocations=66 (full 0):
 garbage-first heap   total 361472K, used 204321K [0x0000000080000000, 0x0000000100000000)
  region size 1024K, 7 young (7168K), 7 survivors (7168K)
 Metaspace       used 137668K, committed 139136K, reserved 557056K
  class space    used 18528K, committed 19264K, reserved 425984K
}
Event: 69.590 GC heap before
{Heap before GC invocations=67 (full 0):
 garbage-first heap   total 361472K, used 305697K [0x0000000080000000, 0x0000000100000000)
  region size 1024K, 101 young (103424K), 7 survivors (7168K)
 Metaspace       used 146072K, committed 147648K, reserved 557056K
  class space    used 19521K, committed 20288K, reserved 425984K
}
Event: 69.598 GC heap after
{Heap after GC invocations=68 (full 0):
 garbage-first heap   total 361472K, used 213091K [0x0000000080000000, 0x0000000100000000)
  region size 1024K, 13 young (13312K), 13 survivors (13312K)
 Metaspace       used 146072K, committed 147648K, reserved 557056K
  class space    used 19521K, committed 20288K, reserved 425984K
}
Event: 69.743 GC heap before
{Heap before GC invocations=68 (full 0):
 garbage-first heap   total 361472K, used 218211K [0x0000000080000000, 0x0000000100000000)
  region size 1024K, 17 young (17408K), 13 survivors (13312K)
 Metaspace       used 146145K, committed 147712K, reserved 557056K
  class space    used 19527K, committed 20288K, reserved 425984K
}
Event: 69.752 GC heap after
{Heap after GC invocations=69 (full 0):
 garbage-first heap   total 361472K, used 205640K [0x0000000080000000, 0x0000000100000000)
  region size 1024K, 2 young (2048K), 2 survivors (2048K)
 Metaspace       used 146145K, committed 147712K, reserved 557056K
  class space    used 19527K, committed 20288K, reserved 425984K
}
Event: 71.673 GC heap before
{Heap before GC invocations=69 (full 0):
 garbage-first heap   total 361472K, used 311112K [0x0000000080000000, 0x0000000100000000)
  region size 1024K, 96 young (98304K), 2 survivors (2048K)
 Metaspace       used 147739K, committed 149312K, reserved 557056K
  class space    used 19636K, committed 20416K, reserved 425984K
}
Event: 71.676 GC heap after
{Heap after GC invocations=70 (full 0):
 garbage-first heap   total 361472K, used 215840K [0x0000000080000000, 0x0000000100000000)
  region size 1024K, 6 young (6144K), 6 survivors (6144K)
 Metaspace       used 147739K, committed 149312K, reserved 557056K
  class space    used 19636K, committed 20416K, reserved 425984K
}

